{"/Users/celenechang/Documents/Codesmith/OSP/hyperion/server/controllers/encryptionModule.js": {"path":"/Users/celenechang/Documents/Codesmith/OSP/hyperion/server/controllers/encryptionModule.js","statementMap":{"0":{"start":{"line":6,"column":14},"end":{"line":6,"column":35}},"1":{"start":{"line":8,"column":25},"end":{"line":8,"column":27}},"2":{"start":{"line":10,"column":23},"end":{"line":10,"column":25}},"3":{"start":{"line":11,"column":22},"end":{"line":11,"column":28}},"4":{"start":{"line":19,"column":0},"end":{"line":45,"column":2}},"5":{"start":{"line":21,"column":2},"end":{"line":21,"column":83}},"6":{"start":{"line":21,"column":66},"end":{"line":21,"column":83}},"7":{"start":{"line":22,"column":2},"end":{"line":22,"column":59}},"8":{"start":{"line":22,"column":42},"end":{"line":22,"column":59}},"9":{"start":{"line":24,"column":27},"end":{"line":28,"column":3}},"10":{"start":{"line":29,"column":11},"end":{"line":29,"column":52}},"11":{"start":{"line":30,"column":13},"end":{"line":30,"column":54}},"12":{"start":{"line":31,"column":12},"end":{"line":31,"column":77}},"13":{"start":{"line":32,"column":15},"end":{"line":32,"column":56}},"14":{"start":{"line":34,"column":2},"end":{"line":34,"column":25}},"15":{"start":{"line":35,"column":2},"end":{"line":35,"column":49}},"16":{"start":{"line":36,"column":2},"end":{"line":36,"column":18}},"17":{"start":{"line":37,"column":18},"end":{"line":37,"column":31}},"18":{"start":{"line":39,"column":2},"end":{"line":39,"column":62}},"19":{"start":{"line":40,"column":2},"end":{"line":40,"column":50}},"20":{"start":{"line":41,"column":2},"end":{"line":41,"column":54}},"21":{"start":{"line":42,"column":2},"end":{"line":42,"column":64}},"22":{"start":{"line":44,"column":2},"end":{"line":44,"column":42}},"23":{"start":{"line":53,"column":0},"end":{"line":83,"column":2}},"24":{"start":{"line":55,"column":2},"end":{"line":55,"column":83}},"25":{"start":{"line":55,"column":66},"end":{"line":55,"column":83}},"26":{"start":{"line":56,"column":2},"end":{"line":56,"column":59}},"27":{"start":{"line":56,"column":42},"end":{"line":56,"column":59}},"28":{"start":{"line":60,"column":2},"end":{"line":64,"column":3}},"29":{"start":{"line":61,"column":4},"end":{"line":61,"column":42}},"30":{"start":{"line":63,"column":4},"end":{"line":63,"column":21}},"31":{"start":{"line":66,"column":35},"end":{"line":66,"column":51}},"32":{"start":{"line":68,"column":2},"end":{"line":68,"column":43}},"33":{"start":{"line":69,"column":2},"end":{"line":69,"column":37}},"34":{"start":{"line":70,"column":2},"end":{"line":70,"column":33}},"35":{"start":{"line":71,"column":2},"end":{"line":71,"column":35}},"36":{"start":{"line":73,"column":12},"end":{"line":73,"column":77}},"37":{"start":{"line":75,"column":17},"end":{"line":75,"column":60}},"38":{"start":{"line":76,"column":2},"end":{"line":76,"column":28}},"39":{"start":{"line":77,"column":2},"end":{"line":77,"column":52}},"40":{"start":{"line":78,"column":13},"end":{"line":78,"column":30}},"41":{"start":{"line":80,"column":2},"end":{"line":80,"column":30}},"42":{"start":{"line":80,"column":13},"end":{"line":80,"column":30}},"43":{"start":{"line":82,"column":2},"end":{"line":82,"column":36}},"44":{"start":{"line":85,"column":0},"end":{"line":85,"column":34}}},"fnMap":{"0":{"name":"(anonymous_0)","decl":{"start":{"line":19,"column":33},"end":{"line":19,"column":34}},"loc":{"start":{"line":19,"column":55},"end":{"line":45,"column":1}},"line":19},"1":{"name":"(anonymous_1)","decl":{"start":{"line":53,"column":33},"end":{"line":53,"column":34}},"loc":{"start":{"line":53,"column":55},"end":{"line":83,"column":1}},"line":53}},"branchMap":{"0":{"loc":{"start":{"line":21,"column":2},"end":{"line":21,"column":83}},"type":"if","locations":[{"start":{"line":21,"column":2},"end":{"line":21,"column":83}},{"start":{},"end":{}}],"line":21},"1":{"loc":{"start":{"line":21,"column":6},"end":{"line":21,"column":64}},"type":"binary-expr","locations":[{"start":{"line":21,"column":6},"end":{"line":21,"column":32}},{"start":{"line":21,"column":36},"end":{"line":21,"column":64}}],"line":21},"2":{"loc":{"start":{"line":22,"column":2},"end":{"line":22,"column":59}},"type":"if","locations":[{"start":{"line":22,"column":2},"end":{"line":22,"column":59}},{"start":{},"end":{}}],"line":22},"3":{"loc":{"start":{"line":22,"column":6},"end":{"line":22,"column":40}},"type":"binary-expr","locations":[{"start":{"line":22,"column":6},"end":{"line":22,"column":20}},{"start":{"line":22,"column":24},"end":{"line":22,"column":40}}],"line":22},"4":{"loc":{"start":{"line":55,"column":2},"end":{"line":55,"column":83}},"type":"if","locations":[{"start":{"line":55,"column":2},"end":{"line":55,"column":83}},{"start":{},"end":{}}],"line":55},"5":{"loc":{"start":{"line":55,"column":6},"end":{"line":55,"column":64}},"type":"binary-expr","locations":[{"start":{"line":55,"column":6},"end":{"line":55,"column":32}},{"start":{"line":55,"column":36},"end":{"line":55,"column":64}}],"line":55},"6":{"loc":{"start":{"line":56,"column":2},"end":{"line":56,"column":59}},"type":"if","locations":[{"start":{"line":56,"column":2},"end":{"line":56,"column":59}},{"start":{},"end":{}}],"line":56},"7":{"loc":{"start":{"line":56,"column":6},"end":{"line":56,"column":40}},"type":"binary-expr","locations":[{"start":{"line":56,"column":6},"end":{"line":56,"column":20}},{"start":{"line":56,"column":24},"end":{"line":56,"column":40}}],"line":56},"8":{"loc":{"start":{"line":80,"column":2},"end":{"line":80,"column":30}},"type":"if","locations":[{"start":{"line":80,"column":2},"end":{"line":80,"column":30}},{"start":{},"end":{}}],"line":80}},"s":{"0":1,"1":1,"2":1,"3":1,"4":1,"5":11,"6":2,"7":9,"8":3,"9":6,"10":6,"11":6,"12":6,"13":6,"14":6,"15":6,"16":6,"17":6,"18":6,"19":6,"20":6,"21":6,"22":6,"23":1,"24":7,"25":2,"26":5,"27":1,"28":4,"29":4,"30":1,"31":3,"32":3,"33":3,"34":3,"35":3,"36":3,"37":3,"38":3,"39":3,"40":3,"41":3,"42":1,"43":2,"44":1},"f":{"0":11,"1":7},"b":{"0":[2,9],"1":[11,10],"2":[3,6],"3":[9,8],"4":[2,5],"5":[7,6],"6":[1,4],"7":[5,4],"8":[1,2]},"_coverageSchema":"1a1c01bbd47fc00a2c39e90264f33305004495a9","hash":"1a999362117bba8cc1f962f5d2918a7d34d4c2c8"}
,"/Users/celenechang/Documents/Codesmith/OSP/hyperion/server/controllers/generateCombinations.js": {"path":"/Users/celenechang/Documents/Codesmith/OSP/hyperion/server/controllers/generateCombinations.js","statementMap":{"0":{"start":{"line":7,"column":29},"end":{"line":25,"column":1}},"1":{"start":{"line":10,"column":2},"end":{"line":10,"column":86}},"2":{"start":{"line":10,"column":69},"end":{"line":10,"column":86}},"3":{"start":{"line":12,"column":23},"end":{"line":12,"column":25}},"4":{"start":{"line":14,"column":20},"end":{"line":19,"column":3}},"5":{"start":{"line":15,"column":4},"end":{"line":15,"column":78}},"6":{"start":{"line":15,"column":43},"end":{"line":15,"column":78}},"7":{"start":{"line":16,"column":4},"end":{"line":18,"column":5}},"8":{"start":{"line":16,"column":17},"end":{"line":16,"column":18}},"9":{"start":{"line":17,"column":6},"end":{"line":17,"column":52}},"10":{"start":{"line":22,"column":2},"end":{"line":22,"column":19}},"11":{"start":{"line":24,"column":2},"end":{"line":24,"column":22}},"12":{"start":{"line":27,"column":0},"end":{"line":27,"column":38}}},"fnMap":{"0":{"name":"(anonymous_0)","decl":{"start":{"line":7,"column":29},"end":{"line":7,"column":30}},"loc":{"start":{"line":7,"column":46},"end":{"line":25,"column":1}},"line":7},"1":{"name":"(anonymous_1)","decl":{"start":{"line":14,"column":20},"end":{"line":14,"column":21}},"loc":{"start":{"line":14,"column":32},"end":{"line":19,"column":3}},"line":14}},"branchMap":{"0":{"loc":{"start":{"line":10,"column":2},"end":{"line":10,"column":86}},"type":"if","locations":[{"start":{"line":10,"column":2},"end":{"line":10,"column":86}},{"start":{},"end":{}}],"line":10},"1":{"loc":{"start":{"line":10,"column":6},"end":{"line":10,"column":67}},"type":"binary-expr","locations":[{"start":{"line":10,"column":6},"end":{"line":10,"column":33}},{"start":{"line":10,"column":37},"end":{"line":10,"column":67}}],"line":10},"2":{"loc":{"start":{"line":15,"column":4},"end":{"line":15,"column":78}},"type":"if","locations":[{"start":{"line":15,"column":4},"end":{"line":15,"column":78}},{"start":{},"end":{}}],"line":15}},"s":{"0":1,"1":5,"2":1,"3":4,"4":4,"5":24,"6":15,"7":9,"8":9,"9":20,"10":4,"11":4,"12":1},"f":{"0":5,"1":24},"b":{"0":[1,4],"1":[5,5],"2":[15,9]},"_coverageSchema":"1a1c01bbd47fc00a2c39e90264f33305004495a9","hash":"7f131e5a770eef6c7c25adaa85abce1ef110a818"}
,"/Users/celenechang/Documents/Codesmith/OSP/hyperion/server/controllers/globalCache.js": {"path":"/Users/celenechang/Documents/Codesmith/OSP/hyperion/server/controllers/globalCache.js","statementMap":{"0":{"start":{"line":6,"column":20},"end":{"line":6,"column":22}},"1":{"start":{"line":12,"column":0},"end":{"line":12,"column":23}},"2":{"start":{"line":19,"column":0},"end":{"line":21,"column":2}},"3":{"start":{"line":20,"column":2},"end":{"line":20,"column":32}},"4":{"start":{"line":28,"column":0},"end":{"line":30,"column":2}},"5":{"start":{"line":29,"column":2},"end":{"line":29,"column":33}},"6":{"start":{"line":37,"column":0},"end":{"line":39,"column":2}},"7":{"start":{"line":38,"column":2},"end":{"line":38,"column":32}},"8":{"start":{"line":41,"column":0},"end":{"line":41,"column":29}}},"fnMap":{"0":{"name":"(anonymous_0)","decl":{"start":{"line":19,"column":18},"end":{"line":19,"column":19}},"loc":{"start":{"line":19,"column":27},"end":{"line":21,"column":1}},"line":19},"1":{"name":"(anonymous_1)","decl":{"start":{"line":28,"column":18},"end":{"line":28,"column":19}},"loc":{"start":{"line":28,"column":34},"end":{"line":30,"column":1}},"line":28},"2":{"name":"(anonymous_2)","decl":{"start":{"line":37,"column":20},"end":{"line":37,"column":21}},"loc":{"start":{"line":37,"column":29},"end":{"line":39,"column":1}},"line":37}},"branchMap":{},"s":{"0":1,"1":1,"2":1,"3":4,"4":1,"5":2,"6":1,"7":1,"8":1},"f":{"0":4,"1":2,"2":1},"b":{},"_coverageSchema":"1a1c01bbd47fc00a2c39e90264f33305004495a9","hash":"5d0751732ef45da422f5eaa39e5de4614f8bcf40"}
,"/Users/celenechang/Documents/Codesmith/OSP/hyperion/server/controllers/statsController.js": {"path":"/Users/celenechang/Documents/Codesmith/OSP/hyperion/server/controllers/statsController.js","statementMap":{"0":{"start":{"line":1,"column":24},"end":{"line":1,"column":26}},"1":{"start":{"line":12,"column":0},"end":{"line":49,"column":2}},"2":{"start":{"line":15,"column":2},"end":{"line":15,"column":59}},"3":{"start":{"line":15,"column":42},"end":{"line":15,"column":59}},"4":{"start":{"line":16,"column":2},"end":{"line":16,"column":73}},"5":{"start":{"line":16,"column":26},"end":{"line":16,"column":53}},"6":{"start":{"line":16,"column":56},"end":{"line":16,"column":73}},"7":{"start":{"line":19,"column":2},"end":{"line":19,"column":27}},"8":{"start":{"line":19,"column":20},"end":{"line":19,"column":25}},"9":{"start":{"line":20,"column":14},"end":{"line":20,"column":30}},"10":{"start":{"line":21,"column":14},"end":{"line":21,"column":30}},"11":{"start":{"line":22,"column":13},"end":{"line":22,"column":53}},"12":{"start":{"line":22,"column":34},"end":{"line":22,"column":39}},"13":{"start":{"line":23,"column":2},"end":{"line":23,"column":38}},"14":{"start":{"line":24,"column":15},"end":{"line":24,"column":104}},"15":{"start":{"line":24,"column":38},"end":{"line":24,"column":59}},"16":{"start":{"line":24,"column":78},"end":{"line":24,"column":83}},"17":{"start":{"line":25,"column":2},"end":{"line":25,"column":42}},"18":{"start":{"line":28,"column":19},"end":{"line":34,"column":3}},"19":{"start":{"line":29,"column":16},"end":{"line":29,"column":36}},"20":{"start":{"line":30,"column":17},"end":{"line":30,"column":32}},"21":{"start":{"line":31,"column":17},"end":{"line":31,"column":27}},"22":{"start":{"line":32,"column":4},"end":{"line":33,"column":26}},"23":{"start":{"line":32,"column":37},"end":{"line":32,"column":91}},"24":{"start":{"line":33,"column":9},"end":{"line":33,"column":26}},"25":{"start":{"line":36,"column":13},"end":{"line":36,"column":26}},"26":{"start":{"line":37,"column":17},"end":{"line":37,"column":30}},"27":{"start":{"line":38,"column":13},"end":{"line":38,"column":26}},"28":{"start":{"line":40,"column":2},"end":{"line":48,"column":4}},"29":{"start":{"line":51,"column":0},"end":{"line":51,"column":33}}},"fnMap":{"0":{"name":"(anonymous_0)","decl":{"start":{"line":12,"column":33},"end":{"line":12,"column":34}},"loc":{"start":{"line":12,"column":42},"end":{"line":49,"column":1}},"line":12},"1":{"name":"(anonymous_1)","decl":{"start":{"line":16,"column":15},"end":{"line":16,"column":16}},"loc":{"start":{"line":16,"column":26},"end":{"line":16,"column":53}},"line":16},"2":{"name":"(anonymous_2)","decl":{"start":{"line":19,"column":11},"end":{"line":19,"column":12}},"loc":{"start":{"line":19,"column":20},"end":{"line":19,"column":25}},"line":19},"3":{"name":"(anonymous_3)","decl":{"start":{"line":22,"column":24},"end":{"line":22,"column":25}},"loc":{"start":{"line":22,"column":34},"end":{"line":22,"column":39}},"line":22},"4":{"name":"(anonymous_4)","decl":{"start":{"line":24,"column":33},"end":{"line":24,"column":34}},"loc":{"start":{"line":24,"column":38},"end":{"line":24,"column":59}},"line":24},"5":{"name":"(anonymous_5)","decl":{"start":{"line":24,"column":68},"end":{"line":24,"column":69}},"loc":{"start":{"line":24,"column":78},"end":{"line":24,"column":83}},"line":24},"6":{"name":"(anonymous_6)","decl":{"start":{"line":28,"column":19},"end":{"line":28,"column":20}},"loc":{"start":{"line":28,"column":26},"end":{"line":34,"column":3}},"line":28}},"branchMap":{"0":{"loc":{"start":{"line":15,"column":2},"end":{"line":15,"column":59}},"type":"if","locations":[{"start":{"line":15,"column":2},"end":{"line":15,"column":59}},{"start":{},"end":{}}],"line":15},"1":{"loc":{"start":{"line":15,"column":6},"end":{"line":15,"column":40}},"type":"binary-expr","locations":[{"start":{"line":15,"column":6},"end":{"line":15,"column":25}},{"start":{"line":15,"column":29},"end":{"line":15,"column":40}}],"line":15},"2":{"loc":{"start":{"line":16,"column":2},"end":{"line":16,"column":73}},"type":"if","locations":[{"start":{"line":16,"column":2},"end":{"line":16,"column":73}},{"start":{},"end":{}}],"line":16},"3":{"loc":{"start":{"line":32,"column":4},"end":{"line":33,"column":26}},"type":"if","locations":[{"start":{"line":32,"column":4},"end":{"line":33,"column":26}},{"start":{"line":33,"column":9},"end":{"line":33,"column":26}}],"line":32}},"s":{"0":1,"1":1,"2":5,"3":1,"4":4,"5":26,"6":1,"7":3,"8":19,"9":3,"10":3,"11":3,"12":19,"13":3,"14":3,"15":22,"16":19,"17":3,"18":3,"19":9,"20":9,"21":9,"22":9,"23":6,"24":3,"25":3,"26":3,"27":3,"28":3,"29":1},"f":{"0":5,"1":26,"2":19,"3":19,"4":22,"5":19,"6":9},"b":{"0":[1,4],"1":[5,5],"2":[1,3],"3":[6,3]},"_coverageSchema":"1a1c01bbd47fc00a2c39e90264f33305004495a9","hash":"acd3b64592bfac0f408049d25c4173aa2258f326"}
,"/Users/celenechang/Documents/Codesmith/OSP/hyperion/server/controllers/tlsModule.js": {"path":"/Users/celenechang/Documents/Codesmith/OSP/hyperion/server/controllers/tlsModule.js","statementMap":{"0":{"start":{"line":1,"column":17},"end":{"line":1,"column":30}},"1":{"start":{"line":3,"column":18},"end":{"line":3,"column":20}},"2":{"start":{"line":12,"column":0},"end":{"line":23,"column":2}},"3":{"start":{"line":14,"column":12},"end":{"line":14,"column":68}},"4":{"start":{"line":16,"column":2},"end":{"line":22,"column":30}},"5":{"start":{"line":18,"column":6},"end":{"line":18,"column":39}},"6":{"start":{"line":18,"column":26},"end":{"line":18,"column":39}},"7":{"start":{"line":19,"column":6},"end":{"line":19,"column":91}},"8":{"start":{"line":19,"column":78},"end":{"line":19,"column":91}},"9":{"start":{"line":20,"column":6},"end":{"line":20,"column":18}},"10":{"start":{"line":22,"column":18},"end":{"line":22,"column":26}},"11":{"start":{"line":25,"column":0},"end":{"line":25,"column":27}}},"fnMap":{"0":{"name":"(anonymous_0)","decl":{"start":{"line":12,"column":25},"end":{"line":12,"column":26}},"loc":{"start":{"line":12,"column":35},"end":{"line":23,"column":1}},"line":12},"1":{"name":"(anonymous_1)","decl":{"start":{"line":17,"column":10},"end":{"line":17,"column":11}},"loc":{"start":{"line":17,"column":15},"end":{"line":21,"column":5}},"line":17},"2":{"name":"(anonymous_2)","decl":{"start":{"line":22,"column":11},"end":{"line":22,"column":12}},"loc":{"start":{"line":22,"column":16},"end":{"line":22,"column":28}},"line":22}},"branchMap":{"0":{"loc":{"start":{"line":18,"column":6},"end":{"line":18,"column":39}},"type":"if","locations":[{"start":{"line":18,"column":6},"end":{"line":18,"column":39}},{"start":{},"end":{}}],"line":18},"1":{"loc":{"start":{"line":19,"column":6},"end":{"line":19,"column":91}},"type":"if","locations":[{"start":{"line":19,"column":6},"end":{"line":19,"column":91}},{"start":{},"end":{}}],"line":19},"2":{"loc":{"start":{"line":19,"column":10},"end":{"line":19,"column":76}},"type":"binary-expr","locations":[{"start":{"line":19,"column":10},"end":{"line":19,"column":41}},{"start":{"line":19,"column":45},"end":{"line":19,"column":76}}],"line":19}},"s":{"0":1,"1":1,"2":1,"3":6,"4":6,"5":6,"6":2,"7":3,"8":1,"9":2,"10":1,"11":1},"f":{"0":6,"1":6,"2":1},"b":{"0":[2,3],"1":[1,2],"2":[3,2]},"_coverageSchema":"1a1c01bbd47fc00a2c39e90264f33305004495a9","hash":"d67f12ba525f94a1941bc8e9271e83f0703d9315"}
}
