TN:
SF:server/controllers/encryptionModule.js
FN:19,(anonymous_0)
FN:53,(anonymous_1)
FNF:2
FNH:2
FNDA:11,(anonymous_0)
FNDA:7,(anonymous_1)
DA:6,1
DA:8,1
DA:10,1
DA:11,1
DA:19,1
DA:21,11
DA:22,9
DA:24,6
DA:29,6
DA:30,6
DA:31,6
DA:32,6
DA:34,6
DA:35,6
DA:36,6
DA:37,6
DA:39,6
DA:40,6
DA:41,6
DA:42,6
DA:44,6
DA:53,1
DA:55,7
DA:56,5
DA:60,4
DA:61,4
DA:63,1
DA:66,3
DA:68,3
DA:69,3
DA:70,3
DA:71,3
DA:73,3
DA:75,3
DA:76,3
DA:77,3
DA:78,3
DA:80,3
DA:82,2
DA:85,1
LF:40
LH:40
BRDA:21,0,0,2
BRDA:21,0,1,9
BRDA:21,1,0,11
BRDA:21,1,1,10
BRDA:22,2,0,3
BRDA:22,2,1,6
BRDA:22,3,0,9
BRDA:22,3,1,8
BRDA:55,4,0,2
BRDA:55,4,1,5
BRDA:55,5,0,7
BRDA:55,5,1,6
BRDA:56,6,0,1
BRDA:56,6,1,4
BRDA:56,7,0,5
BRDA:56,7,1,4
BRDA:80,8,0,1
BRDA:80,8,1,2
BRF:18
BRH:18
end_of_record
TN:
SF:server/controllers/generateCombinations.js
FN:7,(anonymous_0)
FN:14,(anonymous_1)
FNF:2
FNH:2
FNDA:5,(anonymous_0)
FNDA:24,(anonymous_1)
DA:7,1
DA:10,5
DA:12,4
DA:14,4
DA:15,24
DA:16,9
DA:17,20
DA:22,4
DA:24,4
DA:27,1
LF:10
LH:10
BRDA:10,0,0,1
BRDA:10,0,1,4
BRDA:10,1,0,5
BRDA:10,1,1,5
BRDA:15,2,0,15
BRDA:15,2,1,9
BRF:6
BRH:6
end_of_record
TN:
SF:server/controllers/globalCache.js
FN:19,(anonymous_0)
FN:28,(anonymous_1)
FN:37,(anonymous_2)
FNF:3
FNH:3
FNDA:4,(anonymous_0)
FNDA:2,(anonymous_1)
FNDA:1,(anonymous_2)
DA:6,1
DA:12,1
DA:19,1
DA:20,4
DA:28,1
DA:29,2
DA:37,1
DA:38,1
DA:41,1
LF:9
LH:9
BRF:0
BRH:0
end_of_record
TN:
SF:server/controllers/statsController.js
FN:12,(anonymous_0)
FN:16,(anonymous_1)
FN:19,(anonymous_2)
FN:22,(anonymous_3)
FN:24,(anonymous_4)
FN:24,(anonymous_5)
FN:28,(anonymous_6)
FNF:7
FNH:7
FNDA:5,(anonymous_0)
FNDA:26,(anonymous_1)
FNDA:19,(anonymous_2)
FNDA:19,(anonymous_3)
FNDA:22,(anonymous_4)
FNDA:19,(anonymous_5)
FNDA:9,(anonymous_6)
DA:1,1
DA:12,1
DA:15,5
DA:16,26
DA:19,19
DA:20,3
DA:21,3
DA:22,19
DA:23,3
DA:24,22
DA:25,3
DA:28,3
DA:29,9
DA:30,9
DA:31,9
DA:32,9
DA:33,3
DA:36,3
DA:37,3
DA:38,3
DA:40,3
DA:51,1
LF:22
LH:22
BRDA:15,0,0,1
BRDA:15,0,1,4
BRDA:15,1,0,5
BRDA:15,1,1,5
BRDA:16,2,0,1
BRDA:16,2,1,3
BRDA:32,3,0,6
BRDA:32,3,1,3
BRF:8
BRH:8
end_of_record
TN:
SF:server/controllers/tlsModule.js
FN:12,(anonymous_0)
FN:17,(anonymous_1)
FN:22,(anonymous_2)
FNF:3
FNH:3
FNDA:6,(anonymous_0)
FNDA:6,(anonymous_1)
FNDA:1,(anonymous_2)
DA:1,1
DA:3,1
DA:12,1
DA:14,6
DA:16,6
DA:18,6
DA:19,3
DA:20,2
DA:22,1
DA:25,1
LF:10
LH:10
BRDA:18,0,0,2
BRDA:18,0,1,3
BRDA:19,1,0,1
BRDA:19,1,1,2
BRDA:19,2,0,3
BRDA:19,2,1,2
BRF:6
BRH:6
end_of_record
