TN:
SF:server/controllers/encryptionModule.js
FN:19,(anonymous_0)
FN:53,(anonymous_1)
FNF:2
FNH:2
FNDA:10,(anonymous_0)
FNDA:6,(anonymous_1)
DA:6,1
DA:8,1
DA:10,1
DA:11,1
DA:19,1
DA:21,10
DA:22,8
DA:24,5
DA:29,5
DA:30,5
DA:31,5
DA:32,5
DA:34,5
DA:35,5
DA:36,5
DA:37,5
DA:39,5
DA:40,5
DA:41,5
DA:42,5
DA:44,5
DA:53,1
DA:55,6
DA:56,4
DA:60,3
DA:61,3
DA:63,0
DA:66,3
DA:68,3
DA:69,3
DA:70,3
DA:71,3
DA:73,3
DA:75,3
DA:76,3
DA:77,3
DA:78,3
DA:80,3
DA:82,2
DA:85,1
LF:40
LH:39
BRDA:21,0,0,2
BRDA:21,0,1,8
BRDA:21,1,0,10
BRDA:21,1,1,9
BRDA:22,2,0,3
BRDA:22,2,1,5
BRDA:22,3,0,8
BRDA:22,3,1,7
BRDA:55,4,0,2
BRDA:55,4,1,4
BRDA:55,5,0,6
BRDA:55,5,1,5
BRDA:56,6,0,1
BRDA:56,6,1,3
BRDA:56,7,0,4
BRDA:56,7,1,3
BRDA:80,8,0,1
BRDA:80,8,1,2
BRF:18
BRH:18
end_of_record
TN:
SF:server/controllers/generateCombinations.js
FN:7,(anonymous_0)
FN:14,(anonymous_1)
FNF:2
FNH:2
FNDA:4,(anonymous_0)
FNDA:24,(anonymous_1)
DA:7,1
DA:10,4
DA:12,4
DA:14,4
DA:15,24
DA:16,9
DA:17,20
DA:22,4
DA:24,4
DA:27,1
LF:10
LH:10
BRDA:10,0,0,0
BRDA:10,0,1,4
BRDA:10,1,0,4
BRDA:10,1,1,4
BRDA:15,2,0,15
BRDA:15,2,1,9
BRF:6
BRH:5
end_of_record
TN:
SF:server/controllers/globalCache.js
FN:19,(anonymous_0)
FN:28,(anonymous_1)
FN:37,(anonymous_2)
FNF:3
FNH:3
FNDA:4,(anonymous_0)
FNDA:2,(anonymous_1)
FNDA:1,(anonymous_2)
DA:6,1
DA:12,1
DA:19,1
DA:20,4
DA:28,1
DA:29,2
DA:37,1
DA:38,1
DA:41,1
LF:9
LH:9
BRF:0
BRH:0
end_of_record
TN:
SF:server/controllers/statsController.js
FN:12,(anonymous_0)
FN:16,(anonymous_1)
FN:19,(anonymous_2)
FN:22,(anonymous_3)
FN:24,(anonymous_4)
FN:24,(anonymous_5)
FN:28,(anonymous_6)
FNF:7
FNH:7
FNDA:2,(anonymous_0)
FNDA:21,(anonymous_1)
FNDA:19,(anonymous_2)
FNDA:19,(anonymous_3)
FNDA:21,(anonymous_4)
FNDA:19,(anonymous_5)
FNDA:6,(anonymous_6)
DA:1,1
DA:12,1
DA:15,2
DA:16,21
DA:19,19
DA:20,2
DA:21,2
DA:22,19
DA:23,2
DA:24,21
DA:25,2
DA:28,2
DA:29,6
DA:30,6
DA:31,6
DA:32,6
DA:33,0
DA:36,2
DA:37,2
DA:38,2
DA:40,2
DA:51,1
LF:22
LH:21
BRDA:15,0,0,0
BRDA:15,0,1,2
BRDA:15,1,0,2
BRDA:15,1,1,2
BRDA:16,2,0,0
BRDA:16,2,1,2
BRDA:32,3,0,6
BRDA:32,3,1,0
BRF:8
BRH:5
end_of_record
TN:
SF:server/controllers/tlsModule.js
FN:12,(anonymous_0)
FN:17,(anonymous_1)
FN:22,(anonymous_2)
FNF:3
FNH:3
FNDA:6,(anonymous_0)
FNDA:6,(anonymous_1)
FNDA:1,(anonymous_2)
DA:1,1
DA:3,1
DA:12,1
DA:14,6
DA:16,6
DA:18,6
DA:19,3
DA:20,2
DA:22,1
DA:25,1
LF:10
LH:10
BRDA:18,0,0,2
BRDA:18,0,1,3
BRDA:19,1,0,1
BRDA:19,1,1,2
BRDA:19,2,0,3
BRDA:19,2,1,2
BRF:6
BRH:6
end_of_record
